<?xml version="1.0" encoding="UTF-8"?>
<!--<?xml-stylesheet type="text/xsl" href="sql-create-table.xml"?>-->
<?xml-stylesheet type="text/xsl" href="sql-create-table.xml"?>
<schema>
    <table name='artist'>
        <column name='id' type='integer' primary-key='true' />
        <column name='name' type='varchar' length="32" />
        <column name='lastname' type='varchar' length="32" />
        <column name='birthdate' type='date' />
    </table>
    <table name='record_label'>
        <column name='id' type='integer' primary-key='true' />
        <column name='name' type='varchar' length="32" null='false' />
    </table>
    <table name='album'>
        <primary-key>
            <column name='id' type='integer' />
        </primary-key>
        <column name='name' type='varchar' length="32" />
        <column name='year' type='date' null='true' />
        <foreign-key table='artist' />
        <foreign-key table='record_label' />
    </table>
    <table name='track'>
        <primary-key>
            <column name='id' type='integer' />
        </primary-key>
        <column name='name' type='varchar' length="32" />
        <foreign-key table='album' />
    </table>
</schema>

